TN:
SF:src\components\Form\index.js
FN:3,(anonymous_0)
FNF:1
FNH:1
FNDA:3,(anonymous_0)
DA:3,1
DA:4,3
DA:6,3
LF:3
LH:3
BRDA:4,0,0,3
BRDA:4,0,1,2
BRDA:4,0,2,2
BRDA:32,1,0,1
BRDA:32,1,1,2
BRF:5
BRH:5
end_of_record
TN:
SF:src\components\Users\UserCard.js
FN:3,(anonymous_0)
FNF:1
FNH:1
FNDA:1,(anonymous_0)
DA:3,1
DA:4,1
LF:2
LH:2
BRF:0
BRH:0
end_of_record
TN:
SF:src\components\Users\index.js
FN:4,(anonymous_0)
FN:16,(anonymous_1)
FNF:2
FNH:2
FNDA:1,(anonymous_0)
FNDA:1,(anonymous_1)
DA:4,1
DA:5,1
DA:17,1
LF:3
LH:3
BRF:0
BRH:0
end_of_record
TN:
SF:src\containers\dashbaord\hooks.js
FN:3,(anonymous_0)
FN:16,(anonymous_1)
FN:21,(anonymous_2)
FNF:3
FNH:3
FNDA:16,(anonymous_0)
FNDA:7,(anonymous_1)
FNDA:3,(anonymous_2)
DA:3,1
DA:4,16
DA:5,16
DA:7,16
DA:9,16
DA:16,16
DA:17,7
DA:18,7
DA:21,16
DA:22,3
DA:23,3
DA:24,3
DA:27,16
LF:13
LH:13
BRF:0
BRH:0
end_of_record
